<?xml version="1.0" encoding="UTF-8"?>
<!-- Generated by org.testng.reporters.JUnitXMLReporter -->
<testsuite hostname="Vijay" name="Test" tests="4" failures="0" timestamp="25 Dec 2019 03:54:48 GMT" time="71.228" errors="0">
  <testcase name="homePageNavigation" time="21.001" classname="TestFinalFramework.HomePage"/>
  <testcase name="homePageNavigation" time="17.472" classname="TestFinalFramework.HomePage"/>
  <testcase name="NavigationBarCheck" time="1.334" classname="TestFinalFramework.ValidateNavigationBar"/>
  <testcase name="TitleCheck" time="0.576" classname="TestFinalFramework.ValidateTitle"/>
</testsuite> <!-- Test -->
