<?xml version="1.0" encoding="UTF-8"?>
<!-- Generated by org.testng.reporters.JUnitXMLReporter -->
<testsuite hostname="Vijay" name="Test" tests="4" failures="0" timestamp="25 Dec 2019 03:49:15 GMT" time="67.096" errors="0">
  <testcase name="homePageNavigation" time="23.383" classname="TestFinalFramework.HomePage"/>
  <testcase name="homePageNavigation" time="12.541" classname="TestFinalFramework.HomePage"/>
  <testcase name="NavigationBarCheck" time="0.479" classname="TestFinalFramework.ValidateNavigationBar"/>
  <testcase name="TitleCheck" time="0.494" classname="TestFinalFramework.ValidateTitle"/>
</testsuite> <!-- Test -->
